Virtual User Script started at: 22.11.2023 2:36:48
Starting action vuser_init.
Web Turbo Replay of LoadRunner 2020.0.0 for Windows 10; build 793 (ноя 27 2019 19:51:20)  	[MsgId: MMSG-26983]
Run mode: HTML  	[MsgId: MMSG-26993]
Replay user agent: Mozilla/5.0 (Windows NT 10.0; Win64; x64; rv:109.0) Gecko/20100101 Firefox/119.0  	[MsgId: MMSG-26988]
Runtime Settings file: "C:\Users\laiaknosse-PC\Documents\VuGen\Scripts\signIn\\default.cfg"  	[MsgId: MMSG-27141]
Ending action vuser_init.
Running Vuser...
Starting iteration 1.
Maximum number of concurrent connections per server: 6  	[MsgId: MMSG-26989]
Starting action Action.
Action.c(4): Notify: Transaction "signIn" started.
Action.c(7): web_set_sockets_option started  	[MsgId: MMSG-26355]
Action.c(7): web_set_sockets_option was successful  	[MsgId: MMSG-26392]
Action.c(9): web_add_auto_header("Upgrade-Insecure-Requests") started  	[MsgId: MMSG-26355]
Action.c(9): web_add_auto_header("Upgrade-Insecure-Requests") was successful  	[MsgId: MMSG-26392]
Action.c(12): web_url("welcome.pl") started  	[MsgId: MMSG-26355]
Action.c(12): Detected non-resource "http://localhost:1080/cgi-bin/nav.pl?in=home" in "http://localhost:1080/cgi-bin/welcome.pl?signOff=true"  	[MsgId: MMSG-26574]
Action.c(12): Detected non-resource "http://localhost:1080/WebTours/home.html" in "http://localhost:1080/cgi-bin/welcome.pl?signOff=true"  	[MsgId: MMSG-26574]
Action.c(12): Found resource "http://localhost:1080/WebTours/images/mer_login.gif" in HTML "http://localhost:1080/cgi-bin/nav.pl?in=home"  	[MsgId: MMSG-26659]
Action.c(12): web_url("welcome.pl") was successful, 4207 body bytes, 1181 header bytes, 24 chunking overhead bytes  	[MsgId: MMSG-26385]
Action.c(22): Notify: Transaction "web_tours_gotoSignUp" started.
Action.c(24): web_remove_auto_header("Upgrade-Insecure-Requests") started  	[MsgId: MMSG-26355]
Action.c(24): Previous automatically added web header for "Upgrade-Insecure-Requests" removed  	[MsgId: MMSG-26587]
Action.c(24): web_remove/revert_auto_header("Upgrade-Insecure-Requests") was successful  	[MsgId: MMSG-26392]
Action.c(28): web_url("sign up now") started  	[MsgId: MMSG-26355]
Action.c(28): Found resource "http://localhost:1080/WebTours/profileValidate.js" in HTML "http://localhost:1080/cgi-bin/login.pl?username=&password=&getInfo=true"  	[MsgId: MMSG-26659]
Action.c(28): Found resource "http://localhost:1080/WebTours/images/button_next.gif" in HTML "http://localhost:1080/cgi-bin/login.pl?username=&password=&getInfo=true"  	[MsgId: MMSG-26659]
Action.c(28): web_url("sign up now") was successful, 14475 body bytes, 841 header bytes, 12 chunking overhead bytes  	[MsgId: MMSG-26385]
Action.c(38): Notify: Transaction "web_tours_gotoSignUp" ended with a "Pass" status (Duration: 0,0955 Wasted Time: 0,0043).
Action.c(40): Notify: Transaction "web_tours_registration" started.
Action.c(42): web_add_header("Origin") started  	[MsgId: MMSG-26355]
Action.c(42): web_add_header("Origin") was successful  	[MsgId: MMSG-26392]
Action.c(45): web_add_header("Upgrade-Insecure-Requests") started  	[MsgId: MMSG-26355]
Action.c(45): web_add_header("Upgrade-Insecure-Requests") was successful  	[MsgId: MMSG-26392]
Action.c(50): web_submit_data("login.pl") started  	[MsgId: MMSG-26355]
Action.c(50): Resource "http://localhost:1080/WebTours/profileValidate.js" is in the cache already and will not be downloaded again  	[MsgId: MMSG-26655]
Action.c(50): Resource "http://localhost:1080/WebTours/images/button_next.gif" is in the cache already and will not be downloaded again  	[MsgId: MMSG-26655]
Action.c(50): web_submit_data("login.pl") was successful, 2726 body bytes, 228 header bytes, 12 chunking overhead bytes  	[MsgId: MMSG-26385]
Action.c(70): Notify: Transaction "web_tours_registration" ended with a "Pass" status (Duration: 0,1095 Wasted Time: 0,0033).
Action.c(72): Notify: Transaction "signIn" ended with a "Pass" status (Duration: 0,4263 Wasted Time: 0,0599).
Ending action Action.
Ending iteration 1.
Ending Vuser...
Starting action vuser_end.
Ending action vuser_end.
Vuser Terminated.
