Virtual User Script started at: 01.12.2023 16:59:00
Starting action vuser_init.
Web Turbo Replay of LoadRunner 2020.0.0 for Windows 10; build 793 (ноя 27 2019 19:51:20)  	[MsgId: MMSG-26983]
Run mode: HTML  	[MsgId: MMSG-26993]
Replay user agent: Mozilla/5.0 (Windows NT 10.0; Win64; x64; rv:109.0) Gecko/20100101 Firefox/119.0  	[MsgId: MMSG-26988]
Runtime Settings file: "C:\Users\laiaknosse-PC\Documents\VuGen\Scripts\delete\\default.cfg"  	[MsgId: MMSG-27141]
Ending action vuser_init.
Running Vuser...
Starting iteration 1.
Maximum number of concurrent connections per server: 6  	[MsgId: MMSG-26989]
Starting action Action.
Action.c(3): Notify: Transaction "delete" started.
Action.c(5): Notify: Transaction "web_tours_goto_welcome" started.
Action.c(7): web_set_sockets_option started  	[MsgId: MMSG-26355]
Action.c(7): web_set_sockets_option was successful  	[MsgId: MMSG-26392]
Action.c(9): web_add_auto_header("Upgrade-Insecure-Requests") started  	[MsgId: MMSG-26355]
Action.c(9): web_add_auto_header("Upgrade-Insecure-Requests") was successful  	[MsgId: MMSG-26392]
Action.c(13): web_reg_save_param_attrib started  	[MsgId: MMSG-26355]
Action.c(13): Registering web_reg_save_param_attrib was successful  	[MsgId: MMSG-26390]
Action.c(24): web_reg_find started  	[MsgId: MMSG-26355]
Action.c(24): Registering web_reg_find was successful  	[MsgId: MMSG-26390]
Action.c(28): web_url("welcome.pl") started  	[MsgId: MMSG-26355]
Action.c(28): Detected non-resource "http://localhost:1080/cgi-bin/nav.pl?in=home" in "http://localhost:1080/cgi-bin/welcome.pl?signOff=true"  	[MsgId: MMSG-26574]
Action.c(28): Detected non-resource "http://localhost:1080/WebTours/home.html" in "http://localhost:1080/cgi-bin/welcome.pl?signOff=true"  	[MsgId: MMSG-26574]
Action.c(28): Found resource "http://localhost:1080/WebTours/images/mer_login.gif" in HTML "http://localhost:1080/cgi-bin/nav.pl?in=home"  	[MsgId: MMSG-26659]
Action.c(28): Registered web_reg_find successful for "Text=To make reservations,please enter your account information to the left." (count=1)  	[MsgId: MMSG-26364]
Action.c(28): web_url("welcome.pl") was successful, 4208 body bytes, 1181 header bytes, 24 chunking overhead bytes  	[MsgId: MMSG-26385]
Action.c(38): Notify: Transaction "web_tours_goto_welcome" ended with a "Pass" status (Duration: 0,3764 Wasted Time: 0,0732).
Action.c(40): Notify: Transaction "web_tours_login" started.
Action.c(42): web_add_header("Origin") started  	[MsgId: MMSG-26355]
Action.c(42): web_add_header("Origin") was successful  	[MsgId: MMSG-26392]
Action.c(45): web_reg_find started  	[MsgId: MMSG-26355]
Action.c(45): Registering web_reg_find was successful  	[MsgId: MMSG-26390]
Action.c(49): web_submit_data("login.pl") started  	[MsgId: MMSG-26355]
Action.c(49): Detected non-resource "http://localhost:1080/cgi-bin/nav.pl?username=zozo&password=zean" in "http://localhost:1080/cgi-bin/login.pl"  	[MsgId: MMSG-26574]
Action.c(49): Detected non-resource "http://localhost:1080/cgi-bin/error.pl?error=badPassword" in "http://localhost:1080/cgi-bin/login.pl"  	[MsgId: MMSG-26574]
Action.c(49): Resource "http://localhost:1080/WebTours/images/mer_login.gif" is in the cache already and will not be downloaded again  	[MsgId: MMSG-26655]
Action.c(49): Error -26366: "Text=User password was correct" not found for web_reg_find  	[MsgId: MERR-26366]
Action.c(49): web_submit_data("login.pl") highest severity level was "ERROR", 2972 body bytes, 698 header bytes, 36 chunking overhead bytes  	[MsgId: MMSG-26387]
Action.c(49): Notify: Transaction "web_tours_login" ended with a "Fail" status (Duration: 0,1254 Wasted Time: 0,0037).
Action.c(49): Notify: Transaction "web_tours_login" has 1 error message(s).
Action.c(49): Notify: The 1st error message associated with transaction "web_tours_login" is "Error -26366: "Text=User password was correct" not found for web_reg_find"
Action.c(49): Notify: Transaction "delete" ended with a "Fail" status (Duration: 0,5338 Wasted Time: 0,0769).
Action.c(49): Notify: Transaction "delete" has 1 error message(s).
Action.c(49): Notify: The 1st error message associated with transaction "delete" is "Error -26366: "Text=User password was correct" not found for web_reg_find"
Ending action Action.
Ending iteration 1.
Ending Vuser...
Starting action vuser_end.
Ending action vuser_end.
Vuser Terminated.
